2017-05-03 19:46:40: Clone n1LViRF6zSpX0L_pvA was added successfully. 
2017-05-03 19:46:31: oC5zNofIxrM_9DZ is verified.
2017-05-03 19:46:30: xHWOyFzZ9y is verified.
2017-05-03 19:46:30: n1LViRF6zSpX0L_pvA is verified.
2017-05-03 19:46:23: n1LViRF6zSpX0L_pvA is verified.
2017-05-03 19:46:21: Snapshot n1LViRF6zSpX0L_pvA was added successfully. 
2017-05-03 19:46:15: 1 KB is verified.
2017-05-03 19:46:14: 1 KB is verified.
2017-05-03 19:46:14: oC5zNofIxrM_9DZ is verified.
2017-05-03 19:46:11: 1 KB is verified.
2017-05-03 19:46:10: oC5zNofIxrM_9DZ is verified.
2017-05-03 19:46:08: Volume oC5zNofIxrM_9DZ was added successfully.
2017-05-03 19:45:54: 1 KB is verified.
2017-05-03 19:45:54: 64 KB is verified.
2017-05-03 19:45:53: RAID1 is verified.
2017-05-03 19:45:52: xHWOyFzZ9y is verified.
2017-05-03 19:45:49: RAID1 is verified.
2017-05-03 19:45:48: xHWOyFzZ9y is verified.
2017-05-03 19:45:46: Pool xHWOyFzZ9y was added successfully.
2017-05-03 19:45:23: volume bhmhlu707gAflSq was deleted successfully.
2017-05-03 19:45:16: Snapshot bp7owXEPVYNBf6ncAU was deleted successfully.
2017-05-03 19:45:06: Clone 2g6grm6AZb was deleted successfully.
2017-05-03 19:44:57: volume is verified.
2017-05-03 19:44:56: iNI_AQG7XR is verified.
2017-05-03 19:44:55: 2g6grm6AZb is verified.
2017-05-03 19:44:54: bp7owXEPVYNBf6ncAU is verified.
2017-05-03 19:44:49: Clone bp7owXEPVYNBf6ncAU was added successfully. 
2017-05-03 19:44:41: bhmhlu707gAflSq is verified.
2017-05-03 19:44:40: iNI_AQG7XR is verified.
2017-05-03 19:44:39: bp7owXEPVYNBf6ncAU is verified.
2017-05-03 19:44:33: bp7owXEPVYNBf6ncAU is verified.
2017-05-03 19:44:31: Snapshot bp7owXEPVYNBf6ncAU was added successfully. 
2017-05-03 19:44:25: 1 KB is verified.
2017-05-03 19:44:24: 8 KB is verified.
2017-05-03 19:44:23: bhmhlu707gAflSq is verified.
2017-05-03 19:44:20: 8 KB is verified.
2017-05-03 19:44:19: bhmhlu707gAflSq is verified.
2017-05-03 19:44:17: Volume bhmhlu707gAflSq was added successfully.
2017-05-03 19:44:03: 2 KB is verified.
2017-05-03 19:44:03: 256 KB is verified.
2017-05-03 19:44:02: RAID6 is verified.
2017-05-03 19:44:01: iNI_AQG7XR is verified.
2017-05-03 19:43:58: RAID6 is verified.
2017-05-03 19:43:57: iNI_AQG7XR is verified.
2017-05-03 19:43:55: Pool iNI_AQG7XR was added successfully.
2017-05-03 19:43:28: volume XaMHsgBH_s6O_9B was deleted successfully.
2017-05-03 19:43:21: Snapshot nS2tZ3ANMd0FIeRW9i was deleted successfully.
2017-05-03 19:43:11: Clone QxH9MPltk4 was deleted successfully.
2017-05-03 19:43:02: volume is verified.
2017-05-03 19:43:01: cHPieoENh2 is verified.
2017-05-03 19:43:00: QxH9MPltk4 is verified.
2017-05-03 19:42:59: nS2tZ3ANMd0FIeRW9i is verified.
2017-05-03 19:42:54: Clone nS2tZ3ANMd0FIeRW9i was added successfully. 
2017-05-03 19:42:45: XaMHsgBH_s6O_9B is verified.
2017-05-03 19:42:44: cHPieoENh2 is verified.
2017-05-03 19:42:44: nS2tZ3ANMd0FIeRW9i is verified.
2017-05-03 19:42:37: nS2tZ3ANMd0FIeRW9i is verified.
2017-05-03 19:42:36: Snapshot nS2tZ3ANMd0FIeRW9i was added successfully. 
2017-05-03 19:42:29: 4 KB is verified.
2017-05-03 19:42:28: 32 KB is verified.
2017-05-03 19:42:27: XaMHsgBH_s6O_9B is verified.
2017-05-03 19:42:24: 32 KB is verified.
2017-05-03 19:42:23: XaMHsgBH_s6O_9B is verified.
2017-05-03 19:42:22: Volume XaMHsgBH_s6O_9B was added successfully.
2017-05-03 19:42:08: 4 KB is verified.
2017-05-03 19:42:07: 1 MB is verified.
2017-05-03 19:42:07: RAID1 is verified.
2017-05-03 19:42:06: cHPieoENh2 is verified.
2017-05-03 19:42:03: RAID1 is verified.
2017-05-03 19:42:02: cHPieoENh2 is verified.
2017-05-03 19:42:00: Pool cHPieoENh2 was added successfully.
2017-05-03 19:41:41: Start to creating new pool/volume/snapshot/clone,then delete clone/snapshot/volume/pool!
2017-05-03 19:39:28: 3EEJPN3wbEVH9SBqNq is verified.
2017-05-03 19:39:26: Snapshot 3EEJPN3wbEVH9SBqNq was added successfully. 
2017-05-03 19:39:19: 4 KB is verified.
2017-05-03 19:39:19: 512 Bytes is verified.
2017-05-03 19:39:18: AKrzNjzA_bY_2pY is verified.
2017-05-03 19:39:15: 512 Bytes is verified.
2017-05-03 19:39:14: AKrzNjzA_bY_2pY is verified.
2017-05-03 19:39:12: Volume AKrzNjzA_bY_2pY was added successfully.
2017-05-03 19:38:59: 1 KB is verified.
2017-05-03 19:38:58: 512 KB is verified.
2017-05-03 19:38:57: RAID6 is verified.
2017-05-03 19:38:56: 7NEJQk5wjH is verified.
2017-05-03 19:38:53: RAID6 is verified.
2017-05-03 19:38:52: 7NEJQk5wjH is verified.
2017-05-03 19:38:50: Pool 7NEJQk5wjH was added successfully.
2017-05-03 19:38:28: Start to creating new pool/volume/snapshot/clone,then delete clone/snapshot/volume/pool!
2017-05-03 19:37:14: RAID5 is verified.
2017-05-03 19:37:14: HJDr52efbM is verified.
2017-05-03 19:37:12: Pool HJDr52efbM was added successfully.
2017-05-03 19:36:51: Start to creating new pool/volume/snapshot/clone,then delete clone/snapshot/volume/pool!
2017-05-03 19:35:38: Start to creating new pool/volume/snapshot/clone,then delete clone/snapshot/volume/pool!
2017-05-03 19:33:49: volume gCZnzB4nEcydyTC was deleted successfully.
2017-05-03 19:33:42: Snapshot Kw_bL0H5fTJPfzZVNj was deleted successfully.
2017-05-03 19:33:32: Clone yQkBHjj2UU was deleted successfully.
2017-05-03 19:33:22: volume is verified.
2017-05-03 19:33:21: FU_4N9KM0C is verified.
2017-05-03 19:33:20: yQkBHjj2UU is verified.
2017-05-03 19:33:19: Kw_bL0H5fTJPfzZVNj is verified.
2017-05-03 19:33:14: Clone Kw_bL0H5fTJPfzZVNj was added successfully. 
2017-05-03 19:33:06: gCZnzB4nEcydyTC is verified.
2017-05-03 19:33:05: FU_4N9KM0C is verified.
2017-05-03 19:33:04: Kw_bL0H5fTJPfzZVNj is verified.
2017-05-03 19:33:00: Kw_bL0H5fTJPfzZVNj is verified.
2017-05-03 19:32:58: Snapshot Kw_bL0H5fTJPfzZVNj was added successfully. 
2017-05-03 19:32:52: 1 KB is verified.
2017-05-03 19:32:51: 1 KB is verified.
2017-05-03 19:32:50: gCZnzB4nEcydyTC is verified.
2017-05-03 19:32:47: 1 KB is verified.
2017-05-03 19:32:46: gCZnzB4nEcydyTC is verified.
2017-05-03 19:32:44: Volume gCZnzB4nEcydyTC was added successfully.
2017-05-03 19:32:30: 4 KB is not verified.
2017-05-03 19:32:29: 256 KB is verified.
2017-05-03 19:32:28: RAID5 is verified.
2017-05-03 19:32:27: FU_4N9KM0C is verified.
2017-05-03 19:32:24: RAID5 is verified.
2017-05-03 19:32:24: FU_4N9KM0C is verified.
2017-05-03 19:32:22: Pool FU_4N9KM0C was added successfully.
2017-05-03 19:31:59: Start to creating new pool/volume/snapshot/clone,then delete clone/snapshot/volume/pool!
2017-05-03 19:30:45: volume 8rAhAWsHMWAVOek was deleted successfully.
2017-05-03 19:30:37: Snapshot DwgMraHTSqcmgz3F9y was deleted successfully.
2017-05-03 19:30:28: Clone 1m4VN0QrTC was deleted successfully.
2017-05-03 19:30:18: volume is verified.
2017-05-03 19:30:17: w2sNeO3XBC is verified.
2017-05-03 19:30:16: 1m4VN0QrTC is verified.
2017-05-03 19:30:15: DwgMraHTSqcmgz3F9y is verified.
2017-05-03 19:30:10: Clone DwgMraHTSqcmgz3F9y was added successfully. 
2017-05-03 19:30:02: 8rAhAWsHMWAVOek is verified.
2017-05-03 19:30:01: w2sNeO3XBC is verified.
2017-05-03 19:30:00: DwgMraHTSqcmgz3F9y is verified.
2017-05-03 19:29:56: DwgMraHTSqcmgz3F9y is verified.
2017-05-03 19:29:54: Snapshot DwgMraHTSqcmgz3F9y was added successfully. 
2017-05-03 19:29:48: 4 KB is verified.
2017-05-03 19:29:47: 32 KB is verified.
2017-05-03 19:29:46: 8rAhAWsHMWAVOek is verified.
2017-05-03 19:29:43: 32 KB is verified.
2017-05-03 19:29:42: 8rAhAWsHMWAVOek is verified.
2017-05-03 19:29:40: Volume 8rAhAWsHMWAVOek was added successfully.
2017-05-03 19:29:26: 2 KB is not verified.
2017-05-03 19:29:25: 512 KB is verified.
2017-05-03 19:29:24: RAID6 is verified.
2017-05-03 19:29:23: w2sNeO3XBC is verified.
2017-05-03 19:29:20: RAID6 is verified.
2017-05-03 19:29:20: w2sNeO3XBC is verified.
2017-05-03 19:29:18: Pool w2sNeO3XBC was added successfully.
2017-05-03 19:28:55: Start to creating new pool/volume/snapshot/clone,then delete clone/snapshot/volume/pool!
2017-05-03 19:26:48: Start to creating new pool/volume/snapshot/clone,then delete clone/snapshot/volume/pool!
2017-05-03 19:23:42: volume PDqLncBRVvCkYEg was deleted successfully.
2017-05-03 19:23:34: Snapshot oKffgzWTqzwFPSqoKU was deleted successfully.
2017-05-03 19:23:25: Clone LMIHO_KxFR was deleted successfully.
2017-05-03 19:23:15: volume is verified.
2017-05-03 19:23:14: JkbZbSqb1D is verified.
2017-05-03 19:23:13: LMIHO_KxFR is verified.
2017-05-03 19:23:12: oKffgzWTqzwFPSqoKU is verified.
2017-05-03 19:23:07: Clone oKffgzWTqzwFPSqoKU was added successfully. 
2017-05-03 19:22:59: PDqLncBRVvCkYEg is verified.
2017-05-03 19:22:58: JkbZbSqb1D is verified.
2017-05-03 19:22:57: oKffgzWTqzwFPSqoKU is verified.
2017-05-03 19:22:53: oKffgzWTqzwFPSqoKU is verified.
2017-05-03 19:22:51: Snapshot oKffgzWTqzwFPSqoKU was added successfully. 
2017-05-03 19:22:45: 2 KB is verified.
2017-05-03 19:22:44: 1 KB is verified.
2017-05-03 19:22:43: PDqLncBRVvCkYEg is verified.
2017-05-03 19:22:40: 1 KB is verified.
2017-05-03 19:22:39: PDqLncBRVvCkYEg is verified.
2017-05-03 19:22:37: Volume PDqLncBRVvCkYEg was added successfully.
2017-05-03 19:22:23: RAID6 is not verified.
2017-05-03 19:22:23: JkbZbSqb1D is verified.
2017-05-03 19:22:20: RAID6 is not verified.
2017-05-03 19:22:19: JkbZbSqb1D is verified.
2017-05-03 19:22:17: Pool JkbZbSqb1D was added successfully.
2017-05-03 19:21:53: Start to creating new pool/volume/snapshot/clone,then delete clone/snapshot/volume/pool!
2017-05-03 19:20:27: 'result': 'f'
2017-05-03 19:20:27: Pool created 1, pool deleted 0, this case fail
2017-05-03 19:20:27: Error: please refer to the screen-shot in the folder
2017-05-03 19:20:08: volume eiiNyvFtk5IMJAS was deleted successfully.
2017-05-03 19:20:00: Snapshot w3e1LyU2eMLFih0_0V was deleted successfully.
2017-05-03 19:19:51: Clone Iic5Duf7bn was deleted successfully.
2017-05-03 19:19:41: volume is verified.
2017-05-03 19:19:40: ggxKCXcGQe is verified.
2017-05-03 19:19:39: Iic5Duf7bn is verified.
2017-05-03 19:19:38: w3e1LyU2eMLFih0_0V is verified.
2017-05-03 19:19:33: Clone w3e1LyU2eMLFih0_0V was added successfully. 
2017-05-03 19:19:25: eiiNyvFtk5IMJAS is verified.
2017-05-03 19:19:24: ggxKCXcGQe is verified.
2017-05-03 19:19:23: w3e1LyU2eMLFih0_0V is verified.
2017-05-03 19:19:19: w3e1LyU2eMLFih0_0V is verified.
2017-05-03 19:19:17: Snapshot w3e1LyU2eMLFih0_0V was added successfully. 
2017-05-03 19:19:10: 512 Bytes is verified.
2017-05-03 19:19:10: 64 KB is verified.
2017-05-03 19:19:09: eiiNyvFtk5IMJAS is verified.
2017-05-03 19:19:06: 64 KB is verified.
2017-05-03 19:19:05: eiiNyvFtk5IMJAS is verified.
2017-05-03 19:19:03: Volume eiiNyvFtk5IMJAS was added successfully.
2017-05-03 19:18:49: RAID6 is not verified.
2017-05-03 19:18:49: ggxKCXcGQe is verified.
2017-05-03 19:18:46: RAID6 is not verified.
2017-05-03 19:18:45: ggxKCXcGQe is verified.
2017-05-03 19:18:43: Pool ggxKCXcGQe was added successfully.
2017-05-03 19:18:21: Start to creating new pool/volume/snapshot/clone,then delete clone/snapshot/volume/pool!
2017-05-03 19:16:44: 'result': 'f'
2017-05-03 19:16:44: Pool created 1, pool deleted 1, this case pass
2017-05-03 19:16:44: Error: please refer to the screen-shot in the folder
2017-05-03 19:16:09: Pool mIx6Bo6b8W was deleted successfully.
2017-05-03 19:16:01: volume i5_6TFG2iOqGt18 was deleted successfully.
2017-05-03 19:15:54: Snapshot 8Y7ZF_iLHBVxcG4Kud was deleted successfully.
2017-05-03 19:15:45: Clone 8OEniehglQ was deleted successfully.
2017-05-03 19:15:35: volume is verified.
2017-05-03 19:15:34: mIx6Bo6b8W is verified.
2017-05-03 19:15:33: 8OEniehglQ is verified.
2017-05-03 19:15:32: 8Y7ZF_iLHBVxcG4Kud is verified.
2017-05-03 19:15:27: Clone 8Y7ZF_iLHBVxcG4Kud was added successfully. 
2017-05-03 19:15:19: i5_6TFG2iOqGt18 is verified.
2017-05-03 19:15:18: mIx6Bo6b8W is verified.
2017-05-03 19:15:17: 8Y7ZF_iLHBVxcG4Kud is verified.
2017-05-03 19:15:13: 8Y7ZF_iLHBVxcG4Kud is verified.
2017-05-03 19:15:11: Snapshot 8Y7ZF_iLHBVxcG4Kud was added successfully. 
2017-05-03 19:15:05: 2 KB is verified.
2017-05-03 19:15:04: 8 KB is verified.
2017-05-03 19:15:03: i5_6TFG2iOqGt18 is verified.
2017-05-03 19:15:00: 8 KB is verified.
2017-05-03 19:14:59: i5_6TFG2iOqGt18 is verified.
2017-05-03 19:14:57: Volume i5_6TFG2iOqGt18 was added successfully.
2017-05-03 19:14:42: RAID6 is not verified.
2017-05-03 19:14:41: mIx6Bo6b8W is verified.
2017-05-03 19:14:38: RAID6 is not verified.
2017-05-03 19:14:37: mIx6Bo6b8W is verified.
2017-05-03 19:14:35: Pool mIx6Bo6b8W was added successfully.
2017-05-03 19:14:11: Start to creating new pool/volume/snapshot/clone,then delete clone/snapshot/volume/pool!
2017-05-03 19:13:31: 'result': 'f'
2017-05-03 19:13:31: Pool created 1, pool deleted 0, this case fail
2017-05-03 19:13:31: Error: please refer to the screen-shot in the folder
2017-05-03 19:13:29: WIxYG0zfzwwpg2E1jD is verified.
2017-05-03 19:13:27: Snapshot WIxYG0zfzwwpg2E1jD was added successfully. 
2017-05-03 19:13:21: 512 Bytes is verified.
2017-05-03 19:13:20: 8 KB is verified.
2017-05-03 19:13:19: QGRUlrz7gqjUMIc is verified.
2017-05-03 19:13:16: 8 KB is verified.
2017-05-03 19:13:15: QGRUlrz7gqjUMIc is verified.
2017-05-03 19:13:13: Volume QGRUlrz7gqjUMIc was added successfully.
2017-05-03 19:13:00: 512 Bytes is verified.
2017-05-03 19:12:59: 128 KB is verified.
2017-05-03 19:12:58: RAID1 is verified.
2017-05-03 19:12:57: fows2s_yFs is verified.
2017-05-03 19:12:54: RAID1 is verified.
2017-05-03 19:12:53: fows2s_yFs is verified.
2017-05-03 19:12:52: Pool fows2s_yFs was added successfully.
2017-05-03 19:12:30: Start to creating new pool/volume/snapshot/clone,then delete clone/snapshot/volume/pool!
2017-05-03 19:11:15: 'result': 'f'
2017-05-03 19:11:15: Pool created 1, pool deleted 0, this case fail
2017-05-03 19:11:15: Error: please refer to the screen-shot in the folder
2017-05-03 19:09:47: volume wHT9b8sgPE_y5kI was deleted successfully.
2017-05-03 19:09:40: Snapshot vQKtA42W2HtSGyvVOc was deleted successfully.
2017-05-03 19:09:31: Clone 9nF1bnSe_X was deleted successfully.
2017-05-03 19:09:21: volume is verified.
2017-05-03 19:09:20: JJrpIVcQQi is verified.
2017-05-03 19:09:19: 9nF1bnSe_X is verified.
2017-05-03 19:09:18: vQKtA42W2HtSGyvVOc is verified.
2017-05-03 19:09:13: Clone vQKtA42W2HtSGyvVOc was added successfully. 
2017-05-03 19:09:05: wHT9b8sgPE_y5kI is verified.
2017-05-03 19:09:04: JJrpIVcQQi is verified.
2017-05-03 19:09:03: vQKtA42W2HtSGyvVOc is verified.
2017-05-03 19:08:59: vQKtA42W2HtSGyvVOc is verified.
2017-05-03 19:08:57: Snapshot vQKtA42W2HtSGyvVOc was added successfully. 
2017-05-03 19:08:51: 4 KB is verified.
2017-05-03 19:08:50: 4 KB is verified.
2017-05-03 19:08:49: wHT9b8sgPE_y5kI is verified.
2017-05-03 19:08:46: 4 KB is verified.
2017-05-03 19:08:45: wHT9b8sgPE_y5kI is verified.
2017-05-03 19:08:43: Volume wHT9b8sgPE_y5kI was added successfully.
2017-05-03 19:08:29: 128 KB is not verified.
2017-05-03 19:08:28: RAID5 is verified.
2017-05-03 19:08:27: JJrpIVcQQi is verified.
2017-05-03 19:08:24: RAID5 is verified.
2017-05-03 19:08:23: JJrpIVcQQi is verified.
2017-05-03 19:08:22: Pool JJrpIVcQQi was added successfully.
2017-05-03 19:07:58: Start to creating new pool/volume/snapshot/clone,then delete clone/snapshot/volume/pool!
2017-05-03 19:06:30: 'result': 'f'
2017-05-03 19:06:30: Pool created 1, pool deleted 0, this case fail
2017-05-03 19:06:30: Error: please refer to the screen-shot in the folder
2017-05-03 19:06:27: SK8y0yvvWhxGdZbVC1 is verified.
2017-05-03 19:06:25: Snapshot SK8y0yvvWhxGdZbVC1 was added successfully. 
2017-05-03 19:06:19: 4 KB is verified.
2017-05-03 19:06:18: 2 KB is verified.
2017-05-03 19:06:18: SBRVKma9y8nab80 is verified.
2017-05-03 19:06:15: 2 KB is verified.
2017-05-03 19:06:14: SBRVKma9y8nab80 is verified.
2017-05-03 19:06:12: Volume SBRVKma9y8nab80 was added successfully.
2017-05-03 19:05:58: 2 KB is verified.
2017-05-03 19:05:57: 256 KB is verified.
2017-05-03 19:05:57: RAID1 is verified.
2017-05-03 19:05:56: eB0OJ0xgV8 is verified.
2017-05-03 19:05:53: RAID1 is verified.
2017-05-03 19:05:52: eB0OJ0xgV8 is verified.
2017-05-03 19:05:50: Pool eB0OJ0xgV8 was added successfully.
2017-05-03 19:05:28: Start to creating new pool/volume/snapshot/clone,then delete clone/snapshot/volume/pool!
2017-05-03 19:03:35: zkPMNF6Hz0 is verified.
2017-05-03 19:03:32: RAID6 is not verified.
2017-05-03 19:03:31: zkPMNF6Hz0 is verified.
2017-05-03 19:03:29: Pool zkPMNF6Hz0 was added successfully.
2017-05-03 19:03:07: Start to creating new pool/volume/snapshot/clone,then delete clone/snapshot/volume/pool!
2017-05-03 19:02:47: Error: please refer to the screen-shot in the folder
2017-05-03 19:02:16: Error: please refer to the screen-shot in the folder
2017-05-03 19:01:45: Error: please refer to the screen-shot in the folder
2017-05-03 19:01:14: Error: please refer to the screen-shot in the folder
2017-05-03 19:00:43: Pool kPQUACpdMw was deleted successfully.
2017-05-03 19:00:35: volume NY2pglyo5s3idoe was deleted successfully.
2017-05-03 19:00:28: Snapshot 2vRwCs1kXhUQhBvnpb was deleted successfully.
2017-05-03 19:00:19: Clone CKS93IJMRT was deleted successfully.
2017-05-03 19:00:09: volume is verified.
2017-05-03 19:00:08: kPQUACpdMw is verified.
2017-05-03 19:00:07: CKS93IJMRT is verified.
2017-05-03 19:00:06: 2vRwCs1kXhUQhBvnpb is verified.
2017-05-03 19:00:01: Clone 2vRwCs1kXhUQhBvnpb was added successfully. 
2017-05-03 18:59:52: NY2pglyo5s3idoe is verified.
2017-05-03 18:59:51: kPQUACpdMw is verified.
2017-05-03 18:59:51: 2vRwCs1kXhUQhBvnpb is verified.
2017-05-03 18:59:47: 2vRwCs1kXhUQhBvnpb is verified.
2017-05-03 18:59:45: Snapshot 2vRwCs1kXhUQhBvnpb was added successfully. 
2017-05-03 18:59:38: 1 KB is verified.
2017-05-03 18:59:37: 128 KB is verified.
2017-05-03 18:59:37: NY2pglyo5s3idoe is verified.
2017-05-03 18:59:34: 128 KB is verified.
2017-05-03 18:59:33: NY2pglyo5s3idoe is verified.
2017-05-03 18:59:31: Volume NY2pglyo5s3idoe was added successfully.
2017-05-03 18:59:17: RAID6 is not verified.
2017-05-03 18:59:16: kPQUACpdMw is verified.
2017-05-03 18:59:13: RAID6 is not verified.
2017-05-03 18:59:12: kPQUACpdMw is verified.
2017-05-03 18:59:10: Pool kPQUACpdMw was added successfully.
2017-05-03 18:58:46: Start to creating new pool/volume/snapshot/clone,then delete clone/snapshot/volume/pool!
2017-05-03 18:58:02: Error: please refer to the screen-shot in the folder
2017-05-03 18:56:30: p8CTrSqrhclTQak is verified.
2017-05-03 18:56:29: fXL9Od5C8m is verified.
2017-05-03 18:56:28: w7_LuImpndVcuA3a89 is verified.
2017-05-03 18:56:26: w7_LuImpndVcuA3a89 is verified.
2017-05-03 18:56:24: Snapshot w7_LuImpndVcuA3a89 was added successfully. 
2017-05-03 18:56:18: 1 KB is verified.
2017-05-03 18:56:17: 4 KB is verified.
2017-05-03 18:56:16: p8CTrSqrhclTQak is verified.
2017-05-03 18:56:13: 4 KB is verified.
2017-05-03 18:56:12: p8CTrSqrhclTQak is verified.
2017-05-03 18:56:10: Volume p8CTrSqrhclTQak was added successfully.
2017-05-03 18:55:55: 4 KB is verified.
2017-05-03 18:55:54: 256 KB is verified.
2017-05-03 18:55:53: RAID5 is verified.
2017-05-03 18:55:53: fXL9Od5C8m is verified.
2017-05-03 18:55:50: RAID5 is verified.
2017-05-03 18:55:49: fXL9Od5C8m is verified.
2017-05-03 18:55:47: Pool fXL9Od5C8m was added successfully.
2017-05-03 18:55:26: Start to creating new pool/volume/snapshot/clone,then delete clone/snapshot/volume/pool!
2017-05-03 18:51:40: Error: please refer to the screen-shot in the folder
2017-05-03 18:51:10: m6sc5GrpFY is not verified.
2017-05-03 18:51:09: x48MaY0AzKia4fMTul is verified.
2017-05-03 18:51:07: x48MaY0AzKia4fMTul is verified.
2017-05-03 18:51:05: Snapshot x48MaY0AzKia4fMTul was added successfully. 
2017-05-03 18:50:59: 4 KB is verified.
2017-05-03 18:50:58: 64 KB is verified.
2017-05-03 18:50:57: 8aYOz_KtE9ZlZdC is verified.
2017-05-03 18:50:54: 64 KB is verified.
2017-05-03 18:50:53: 8aYOz_KtE9ZlZdC is verified.
2017-05-03 18:50:51: Volume 8aYOz_KtE9ZlZdC was added successfully.
2017-05-03 18:50:38: 4 KB is verified.
2017-05-03 18:50:37: 256 KB is verified.
2017-05-03 18:50:36: RAID1 is verified.
2017-05-03 18:50:35: m6sc5GrpFY is verified.
2017-05-03 18:50:32: RAID1 is verified.
2017-05-03 18:50:31: m6sc5GrpFY is verified.
2017-05-03 18:50:29: Pool m6sc5GrpFY was added successfully.
2017-05-03 18:50:11: Start to creating new pool/volume/snapshot/clone,then delete clone/snapshot/volume/pool!
2017-05-03 18:49:38: Error: please refer to the screen-shot in the folder
2017-05-03 18:49:07: Error: please refer to the screen-shot in the folder
2017-05-03 18:48:36: Error: please refer to the screen-shot in the folder
2017-05-03 18:48:04: h6zYV7Hv1W is not verified.
2017-05-03 18:48:03: cmd3DomYb8ZaaWs0sb is verified.
2017-05-03 18:48:00: cmd3DomYb8ZaaWs0sb is verified.
2017-05-03 18:47:59: Snapshot cmd3DomYb8ZaaWs0sb was added successfully. 
2017-05-03 18:47:52: 2 KB is verified.
2017-05-03 18:47:51: 64 KB is verified.
2017-05-03 18:47:51: 3a9K552Ko9QIBFY is verified.
2017-05-03 18:47:49: 64 KB is verified.
2017-05-03 18:47:48: 3a9K552Ko9QIBFY is verified.
2017-05-03 18:47:46: Volume 3a9K552Ko9QIBFY was added successfully.
2017-05-03 18:47:33: RAID6 is not verified.
2017-05-03 18:47:32: h6zYV7Hv1W is verified.
2017-05-03 18:47:29: RAID6 is not verified.
2017-05-03 18:47:28: h6zYV7Hv1W is verified.
2017-05-03 18:47:27: Pool h6zYV7Hv1W was added successfully.
2017-05-03 18:47:06: Start to creating new pool/volume/snapshot/clone,then delete clone/snapshot/volume/pool!
2017-05-03 18:46:11: Error: please refer to the screen-shot in the folder
2017-05-03 18:45:39: 1 MB is not verified.
2017-05-03 18:45:38: RAID1 is verified.
2017-05-03 18:45:37: 95gfu8ZC1z is verified.
2017-05-03 18:45:35: RAID1 is verified.
2017-05-03 18:45:34: 95gfu8ZC1z is verified.
2017-05-03 18:45:32: Pool 95gfu8ZC1z was added successfully.
2017-05-03 18:45:15: Start to creating new pool/volume/snapshot/clone,then delete clone/snapshot/volume/pool!
2017-05-03 18:44:22: Error: please refer to the screen-shot in the folder
2017-05-03 18:43:51: Error: please refer to the screen-shot in the folder
2017-05-03 18:43:18: 512 KB is not verified.
2017-05-03 18:43:18: RAID1 is verified.
2017-05-03 18:43:17: X16WCbRyMQ is verified.
2017-05-03 18:43:14: RAID1 is verified.
2017-05-03 18:43:14: X16WCbRyMQ is verified.
2017-05-03 18:43:12: Pool X16WCbRyMQ was added successfully.
2017-05-03 18:42:53: Start to creating new pool/volume/snapshot/clone,then delete clone/snapshot/volume/pool!
2017-05-03 18:40:56: Error: please refer to the screen-shot in the folder
2017-05-03 18:40:24: Error: please refer to the screen-shot in the folder
2017-05-03 18:39:53: Pool EsdF8H6n8Q was deleted successfully.
2017-05-03 18:39:25: volume ycQ8ny5pdKrgtw8 was deleted successfully.
2017-05-03 18:39:18: Snapshot GSKUw7okMsruP_H1l_ was deleted successfully.
2017-05-03 18:39:09: Clone 4IxPoJxIl9 was deleted successfully.
2017-05-03 18:39:00: volume is verified.
2017-05-03 18:38:59: EsdF8H6n8Q is verified.
2017-05-03 18:38:58: 4IxPoJxIl9 is verified.
2017-05-03 18:38:58: GSKUw7okMsruP_H1l_ is verified.
2017-05-03 18:38:54: Clone GSKUw7okMsruP_H1l_ was added successfully. 
2017-05-03 18:38:49: ycQ8ny5pdKrgtw8 is verified.
2017-05-03 18:38:48: EsdF8H6n8Q is verified.
2017-05-03 18:38:47: GSKUw7okMsruP_H1l_ is verified.
2017-05-03 18:38:45: GSKUw7okMsruP_H1l_ is verified.
2017-05-03 18:38:43: Snapshot GSKUw7okMsruP_H1l_ was added successfully. 
2017-05-03 18:38:37: 2 KB is verified.
2017-05-03 18:38:36: 2 KB is verified.
2017-05-03 18:38:35: ycQ8ny5pdKrgtw8 is verified.
2017-05-03 18:38:33: 2 KB is verified.
2017-05-03 18:38:32: ycQ8ny5pdKrgtw8 is verified.
2017-05-03 18:38:30: Volume ycQ8ny5pdKrgtw8 was added successfully.
2017-05-03 18:38:18: 512 KB is not verified.
2017-05-03 18:38:17: RAID5 is verified.
2017-05-03 18:38:16: EsdF8H6n8Q is verified.
2017-05-03 18:38:14: RAID5 is verified.
2017-05-03 18:38:13: EsdF8H6n8Q is verified.
2017-05-03 18:38:11: Pool EsdF8H6n8Q was added successfully.
2017-05-03 18:37:52: Start to creating new pool/volume/snapshot/clone,then delete clone/snapshot/volume/pool!
2017-05-03 18:34:58: Error: please refer to the screen-shot in the folder
2017-05-03 18:34:26: Error: please refer to the screen-shot in the folder
2017-05-03 18:33:55: Error: please refer to the screen-shot in the folder
2017-05-03 18:33:54: 512 Bytes is not verified.
2017-05-03 18:33:53: 64 KB is verified.
2017-05-03 18:33:52: shC0dZkCqI5R2vb is verified.
2017-05-03 18:33:50: 64 KB is verified.
2017-05-03 18:33:49: shC0dZkCqI5R2vb is verified.
2017-05-03 18:33:48: Volume shC0dZkCqI5R2vb was added successfully.
2017-05-03 18:33:36: 2 KB is verified.
2017-05-03 18:33:35: 128 KB is verified.
2017-05-03 18:33:34: RAID5 is verified.
2017-05-03 18:33:33: YgWAbTXc01 is verified.
2017-05-03 18:33:31: RAID5 is verified.
2017-05-03 18:33:30: YgWAbTXc01 is verified.
2017-05-03 18:33:29: Pool YgWAbTXc01 was added successfully.
2017-05-03 18:33:09: Start to creating new pool/volume/snapshot/clone,then delete clone/snapshot/volume/pool!
2017-05-03 18:29:26: 'result': 'f'
2017-05-03 18:29:23: Pool created 1, pool deleted 1, this case pass
2017-05-03 18:29:22: Pool IMqdwKD378 was deleted successfully.
2017-05-03 18:29:11: volume nYyyAMrRDBVhznt was deleted successfully.
2017-05-03 18:29:04: Snapshot J6wwED5O2BGSB3JKiG was deleted successfully.
2017-05-03 18:28:54: Clone jFbLvnSLWC was deleted successfully.
2017-05-03 18:28:46: IMqdwKD378 is not verified.
2017-05-03 18:28:45: jFbLvnSLWC is verified.
2017-05-03 18:28:45: J6wwED5O2BGSB3JKiG is verified.
2017-05-03 18:28:43: Clone J6wwED5O2BGSB3JKiG was added successfully. 
2017-05-03 18:28:38: nYyyAMrRDBVhznt is verified.
2017-05-03 18:28:37: IMqdwKD378 is verified.
2017-05-03 18:28:37: J6wwED5O2BGSB3JKiG is verified.
2017-05-03 18:28:34: J6wwED5O2BGSB3JKiG is verified.
2017-05-03 18:28:33: Snapshot J6wwED5O2BGSB3JKiG was added successfully. 
2017-05-03 18:28:27: 4 KB is verified.
2017-05-03 18:28:26: 8 KB is verified.
2017-05-03 18:28:26: nYyyAMrRDBVhznt is verified.
2017-05-03 18:28:24: 8 KB is verified.
2017-05-03 18:28:23: nYyyAMrRDBVhznt is verified.
2017-05-03 18:28:22: Volume nYyyAMrRDBVhznt was added successfully.
2017-05-03 18:28:08: 64 KB is not verified.
2017-05-03 18:28:07: RAID5 is verified.
2017-05-03 18:28:06: IMqdwKD378 is verified.
2017-05-03 18:28:04: RAID5 is verified.
2017-05-03 18:28:03: IMqdwKD378 is verified.
2017-05-03 18:28:03: Pool IMqdwKD378 was added successfully.
2017-05-03 18:27:42: Start to creating new pool/volume/snapshot/clone,then delete clone/snapshot/volume/pool!
2017-05-03 18:27:09: Error: please refer to the screen-shot in the folder
2017-05-03 18:26:56: Start to creating new pool/volume/snapshot/clone,then delete clone/snapshot/volume/pool!
2017-05-03 18:25:38: Start to creating new pool/volume/snapshot/clone,then delete clone/snapshot/volume/pool!
2017-05-03 18:24:00: 'result': 'f'
2017-05-03 18:24:00: Error: please refer to the screen-shot in the folder
2017-05-03 18:22:33: volume sOjxq3mePQz6OXV was deleted successfully.
2017-05-03 18:22:25: Snapshot U1lUK_um2sGh6yhaYa was deleted successfully.
2017-05-03 18:22:17: Clone EdzHLz4XJs was deleted successfully.
2017-05-03 18:22:09: volume is verified.
2017-05-03 18:22:08: 4OXIQuHWFv is verified.
2017-05-03 18:22:07: EdzHLz4XJs is verified.
2017-05-03 18:22:06: U1lUK_um2sGh6yhaYa is verified.
2017-05-03 18:22:05: Clone U1lUK_um2sGh6yhaYa was added successfully. 
2017-05-03 18:22:00: sOjxq3mePQz6OXV is verified.
2017-05-03 18:21:59: 4OXIQuHWFv is verified.
2017-05-03 18:21:58: U1lUK_um2sGh6yhaYa is verified.
2017-05-03 18:21:56: U1lUK_um2sGh6yhaYa is verified.
2017-05-03 18:21:55: Snapshot U1lUK_um2sGh6yhaYa was added successfully. 
2017-05-03 18:21:49: 1 KB is verified.
2017-05-03 18:21:48: 16 KB is verified.
2017-05-03 18:21:47: sOjxq3mePQz6OXV is verified.
2017-05-03 18:21:45: 16 KB is verified.
2017-05-03 18:21:45: sOjxq3mePQz6OXV is verified.
2017-05-03 18:21:44: Volume sOjxq3mePQz6OXV was added successfully.
2017-05-03 18:21:31: RAID6 is not verified.
2017-05-03 18:21:30: 4OXIQuHWFv is verified.
2017-05-03 18:21:28: RAID6 is not verified.
2017-05-03 18:21:27: 4OXIQuHWFv is verified.
2017-05-03 18:21:26: Pool 4OXIQuHWFv was added successfully.
2017-05-03 18:21:06: Start to creating new pool/volume/snapshot/clone,then delete clone/snapshot/volume/pool!
2017-05-03 18:19:55: 'result': 'f'
2017-05-03 18:19:55: Error: please refer to the screen-shot in the folder
2017-05-03 18:14:41: 'result': 'p'
2017-05-03 18:14:41: Error: please refer to the screen-shot in the folder
2017-05-03 18:14:05: Start to creating new pool/volume/snapshot/clone,then delete clone/snapshot/volume/pool!
2017-05-03 18:09:38: 'result': 'p'
2017-05-03 18:09:38: Snapshotwas deleted successfully.
2017-05-03 18:08:32: Start to creating new pool/volume/snapshot/clone,then delete clone/snapshot/volume/pool!
2017-05-03 18:02:23: Clone was deleted successfully.
2017-05-03 18:01:55: Error: please refer to the screen-shot in the folder
2017-05-03 18:00:23: Clone was deleted successfully.
2017-05-03 17:53:03: 'result': 'f'
2017-05-03 17:53:03: volume is verified.
2017-05-03 17:53:03: kDbzbcpRxV is verified.
2017-05-03 17:52:59: Clone kDbzbcpRxV was added successfully. 
2017-05-03 17:51:36: 'result': 'p'
2017-05-03 17:51:36: volume is not verified.
2017-05-03 17:51:35: ho4bNxWL6p is verified.
2017-05-03 17:51:34: Clone ho4bNxWL6p was added successfully. 
2017-05-03 17:51:24: Start to creating new pool/volume/snapshot/clone,then delete clone/snapshot/volume/pool!
2017-05-03 17:50:53: 'result': 'p'
2017-05-03 17:50:53: Error: please refer to the screen-shot in the folder
2017-05-03 17:50:17: Start to creating new pool/volume/snapshot/clone,then delete clone/snapshot/volume/pool!
2017-05-03 17:43:54: Snapshot or6NWLt0GeWpwSeXcT was added successfully. 
2017-05-03 17:43:53: Snapshot or6NWLt0GeWpwSeXcT was added successfully. 
2017-05-03 17:40:52: Volume I6cscnzIYhC00ml was added successfully.
2017-05-03 17:40:50: Volume I6cscnzIYhC00ml was added successfully.
2017-05-03 17:40:49: Volume I6cscnzIYhC00ml was added successfully.
2017-05-03 17:40:48: Volume I6cscnzIYhC00ml was added successfully.
2017-05-03 17:40:46: Volume I6cscnzIYhC00ml was added successfully.
2017-05-03 17:40:45: Volume I6cscnzIYhC00ml was added successfully.
2017-05-03 17:40:43: Volume I6cscnzIYhC00ml was added successfully.
2017-05-03 17:40:42: Volume I6cscnzIYhC00ml was added successfully.
2017-05-03 17:40:41: Volume I6cscnzIYhC00ml was added successfully.
2017-05-03 17:40:39: Volume I6cscnzIYhC00ml was added successfully.
2017-05-03 17:40:38: Volume I6cscnzIYhC00ml was added successfully.
2017-05-03 17:40:24: Start to creating new pool/volume/snapshot/clone,then delete clone/snapshot/volume/pool!
2017-05-03 17:39:16: 'result': 'f'
2017-05-03 17:39:16: RAID6 is not verified.
2017-05-03 17:39:15: 8D8ZtUZSE9 is verified.
2017-05-03 17:39:12: RAID6 is not verified.
2017-05-03 17:39:11: 8D8ZtUZSE9 is verified.
2017-05-03 17:39:10: Pool 8D8ZtUZSE9 was added successfully.
2017-05-03 17:38:49: Start to creating new pool/volume/snapshot/clone,then delete clone/snapshot/volume/pool!
2017-05-03 17:37:57: Error: please refer to the screen-shot in the folder
2017-05-03 17:37:54: Start to creating new pool/volume/snapshot/clone,then delete clone/snapshot/volume/pool!
2017-05-03 17:35:48: 'result': 'p'
2017-05-03 17:35:48: Error: please refer to the screen-shot in the folder
2017-05-03 17:35:45: Start to creating new pool/volume/snapshot/clone,then delete clone/snapshot/volume/pool!
2017-05-03 17:33:18: 'result': 'p'
2017-05-03 17:33:18: 4 KB is verified.
2017-05-03 17:33:17: 64 KB is verified.
2017-05-03 17:33:16: RAID5 is verified.
2017-05-03 17:33:15: eWEkmuKXUy is verified.
2017-05-03 17:33:13: RAID5 is verified.
2017-05-03 17:33:12: eWEkmuKXUy is verified.
2017-05-03 17:33:11: Pool eWEkmuKXUy was added successfully.
2017-05-03 17:32:49: Start to creating new pool/volume/snapshot/clone,then delete clone/snapshot/volume/pool!
2017-05-03 17:31:20: 'result': 'f'
2017-05-03 17:31:20: RAID6 is not verified.
2017-05-03 17:31:19: Dmt79iRxIy is verified.
2017-05-03 17:31:17: RAID6 is not verified.
2017-05-03 17:31:16: Dmt79iRxIy is verified.
2017-05-03 17:31:15: Pool Dmt79iRxIy was added successfully.
2017-05-03 17:30:54: Start to creating new pool/volume/snapshot/clone,then delete clone/snapshot/volume/pool!
2017-05-03 17:30:11: Start to creating new pool/volume/snapshot/clone,then delete clone/snapshot/volume/pool!
2017-05-03 17:27:22: 'result': 'p'
2017-05-03 17:27:22: Error: please refer to the screen-shot in the folder
2017-05-03 17:27:11: Start to creating new pool/volume/snapshot/clone,then delete clone/snapshot/volume/pool!
2017-05-03 17:25:51: 'result': 'f'
2017-05-03 17:25:51: RAID6 is not verified.
2017-05-03 17:25:50: xJUYwB8uFL is verified.
2017-05-03 17:25:48: RAID6 is not verified.
2017-05-03 17:25:47: xJUYwB8uFL is verified.
2017-05-03 17:25:46: Pool xJUYwB8uFL was added successfully.
2017-05-03 17:25:25: Start to creating new pool/volume/snapshot/clone,then delete clone/snapshot/volume/pool!
2017-05-03 17:18:16: zHznCtpvrV is not verified.
2017-05-03 17:18:15: 8zLGEHvPoP is verified.
2017-05-03 17:18:14: WfK0Km4IAuiQgn_ltA is verified.
2017-05-03 17:18:12: Clone WfK0Km4IAuiQgn_ltA was added successfully. 
2017-05-03 17:18:07: zHznCtpvrV is not verified.
2017-05-03 17:18:06: WfK0Km4IAuiQgn_ltA is verified.
2017-05-03 17:18:04: WfK0Km4IAuiQgn_ltA is verified.
2017-05-03 17:18:03: Snapshot WfK0Km4IAuiQgn_ltA was added successfully. 
2017-05-03 17:17:57: 512 Bytes is verified.
2017-05-03 17:17:56: 512 Bytes is verified.
2017-05-03 17:17:55: QG7steBas7vgN2N is verified.
2017-05-03 17:17:53: 512 Bytes is verified.
2017-05-03 17:17:52: QG7steBas7vgN2N is verified.
2017-05-03 17:17:51: Volume QG7steBas7vgN2N was added successfully.
2017-05-03 17:17:37: 1 MB is not verified.
2017-05-03 17:17:36: RAID5 is verified.
2017-05-03 17:17:35: zHznCtpvrV is verified.
2017-05-03 17:17:33: RAID5 is verified.
2017-05-03 17:17:32: zHznCtpvrV is verified.
2017-05-03 17:17:31: Pool zHznCtpvrV was added successfully.
2017-05-03 17:17:10: Start to creating new pool/volume/snapshot/clone,then delete clone/snapshot/volume/pool!
2017-05-03 17:16:41: Start to creating new pool/volume/snapshot/clone,then delete clone/snapshot/volume/pool!
2017-05-03 17:16:03: 'result': 'f'
2017-05-03 17:16:03: Error: please refer to the screen-shot in the folder
2017-05-03 17:15:27: Clone 7C128FcEzcBxqUun1D was added successfully. 
2017-05-03 17:15:22: 5QpxN9SquJD1K7K is verified.
2017-05-03 17:15:21: h8NF7wnL_H is verified.
2017-05-03 17:15:20: 7C128FcEzcBxqUun1D is verified.
2017-05-03 17:15:18: 7C128FcEzcBxqUun1D is verified.
2017-05-03 17:15:17: Snapshot 7C128FcEzcBxqUun1D was added successfully. 
2017-05-03 17:15:11: 1 KB is verified.
2017-05-03 17:15:10: 2 KB is verified.
2017-05-03 17:15:09: 5QpxN9SquJD1K7K is verified.
2017-05-03 17:15:07: 2 KB is verified.
2017-05-03 17:15:06: 5QpxN9SquJD1K7K is verified.
2017-05-03 17:15:06: Volume 5QpxN9SquJD1K7K was added successfully.
2017-05-03 17:14:53: 64 KB is not verified.
2017-05-03 17:14:52: RAID5 is verified.
2017-05-03 17:14:51: h8NF7wnL_H is verified.
2017-05-03 17:14:49: RAID5 is verified.
2017-05-03 17:14:48: h8NF7wnL_H is verified.
2017-05-03 17:14:47: Pool h8NF7wnL_H was added successfully.
2017-05-03 17:14:26: Start to creating new pool/volume/snapshot/clone,then delete clone/snapshot/volume/pool!
2017-05-03 17:11:49: volume is verified.
2017-05-03 17:11:48: j2zURWHqOJ is verified.
2017-05-03 17:11:47: aBPT4i0Lyg is verified.
2017-05-03 17:11:46: ec68jqjeOmSjT5yqrT is verified.
2017-05-03 17:11:45: Clone ec68jqjeOmSjT5yqrT was added successfully. 
2017-05-03 17:11:39: h56H6jmwYrZEqXG is verified.
2017-05-03 17:11:39: j2zURWHqOJ is verified.
2017-05-03 17:11:38: ec68jqjeOmSjT5yqrT is verified.
2017-05-03 17:11:35: ec68jqjeOmSjT5yqrT is verified.
2017-05-03 17:11:35: Snapshot ec68jqjeOmSjT5yqrT was added successfully. 
2017-05-03 17:11:29: 512 Bytes is verified.
2017-05-03 17:11:28: 1 KB is verified.
2017-05-03 17:11:27: h56H6jmwYrZEqXG is verified.
2017-05-03 17:11:25: 1 KB is verified.
2017-05-03 17:11:24: h56H6jmwYrZEqXG is verified.
2017-05-03 17:11:23: Volume h56H6jmwYrZEqXG was added successfully.
2017-05-03 17:11:11: 1 KB is verified.
2017-05-03 17:11:10: 1 MB is verified.
2017-05-03 17:11:09: RAID5 is verified.
2017-05-03 17:11:08: j2zURWHqOJ is verified.
2017-05-03 17:11:06: RAID5 is verified.
2017-05-03 17:11:05: j2zURWHqOJ is verified.
2017-05-03 17:11:04: Pool j2zURWHqOJ was added successfully.
2017-05-03 17:10:43: Start to creating new pool/volume/snapshot/clone,then delete clone/snapshot/volume/pool!
2017-05-03 17:10:21: Start to creating new pool/volume/snapshot/clone,then delete clone/snapshot/volume/pool!
2017-05-03 17:06:19: wNN0eqHq_s is not verified.
2017-05-03 17:06:18: e_6xR1faXj is verified.
2017-05-03 17:06:17: I4hJRyVnZu20bYsd1q is verified.
2017-05-03 17:06:16: Clone I4hJRyVnZu20bYsd1q was added successfully. 
2017-05-03 17:05:47: wNN0eqHq_s is not verified.
2017-05-03 17:05:46: I4hJRyVnZu20bYsd1q is verified.
2017-05-03 17:05:44: I4hJRyVnZu20bYsd1q is verified.
2017-05-03 17:05:43: Snapshot I4hJRyVnZu20bYsd1q was added successfully. 
2017-05-03 17:05:37: 4 KB is verified.
2017-05-03 17:05:36: 8 KB is verified.
2017-05-03 17:05:35: FL2PTZZIu2clVm6 is verified.
2017-05-03 17:05:33: 8 KB is verified.
2017-05-03 17:05:32: FL2PTZZIu2clVm6 is verified.
2017-05-03 17:05:31: Volume FL2PTZZIu2clVm6 was added successfully.
2017-05-03 17:05:17: RAID6 is not verified.
2017-05-03 17:05:16: wNN0eqHq_s is verified.
2017-05-03 17:05:14: RAID6 is not verified.
2017-05-03 17:05:13: wNN0eqHq_s is verified.
2017-05-03 17:05:12: Pool wNN0eqHq_s was added successfully.
2017-05-03 17:04:51: Start to creating new pool/volume/snapshot/clone,then delete clone/snapshot/volume/pool!
2017-05-03 17:02:00: volume is verified.
2017-05-03 17:01:58: floyOkWAwX is verified.
2017-05-03 17:01:58: Ow8GWh32KY is verified.
2017-05-03 17:01:57: yd3vXuH00xvrXI5Hcx is verified.
2017-05-03 17:01:55: Clone yd3vXuH00xvrXI5Hcx was added successfully. 
2017-05-03 17:01:50: eT0CXFZZu_AABEZ is verified.
2017-05-03 17:01:49: floyOkWAwX is verified.
2017-05-03 17:01:48: yd3vXuH00xvrXI5Hcx is verified.
2017-05-03 17:01:46: yd3vXuH00xvrXI5Hcx is verified.
2017-05-03 17:01:45: Snapshot yd3vXuH00xvrXI5Hcx was added successfully. 
2017-05-03 17:01:39: 1 KB is verified.
2017-05-03 17:01:38: 64 KB is verified.
2017-05-03 17:01:38: eT0CXFZZu_AABEZ is verified.
2017-05-03 17:01:36: 64 KB is verified.
2017-05-03 17:01:35: eT0CXFZZu_AABEZ is verified.
2017-05-03 17:01:34: Volume eT0CXFZZu_AABEZ was added successfully.
2017-05-03 17:01:21: 2 KB is verified.
2017-05-03 17:01:20: 256 KB is verified.
2017-05-03 17:01:20: RAID1 is verified.
2017-05-03 17:01:19: floyOkWAwX is verified.
2017-05-03 17:01:17: RAID1 is verified.
2017-05-03 17:01:16: floyOkWAwX is verified.
2017-05-03 17:01:15: Pool floyOkWAwX was added successfully.
2017-05-03 17:00:58: Start to creating new pool/volume/snapshot/clone,then delete clone/snapshot/volume/pool!
2017-05-03 17:00:45: Error: please refer to the screen-shot in the folder
2017-05-03 17:00:34: Start to creating new pool/volume/snapshot/clone,then delete clone/snapshot/volume/pool!
2017-05-03 16:53:10: Error: please refer to the screen-shot in the folder
2017-05-03 16:53:09: Clone 6UpA32_4oxnDyNo6Mr was added successfully. 
2017-05-03 16:53:04: lIQtuwf8GmcWYAe is verified.
2017-05-03 16:53:03: LsxkODLzu5 is verified.
2017-05-03 16:53:02: 6UpA32_4oxnDyNo6Mr is verified.
2017-05-03 16:53:00: 6UpA32_4oxnDyNo6Mr is verified.
2017-05-03 16:52:59: Snapshot 6UpA32_4oxnDyNo6Mr was added successfully. 
2017-05-03 16:52:52: 1 KB is verified.
2017-05-03 16:52:52: 1 KB is verified.
2017-05-03 16:52:51: lIQtuwf8GmcWYAe is verified.
2017-05-03 16:52:49: 1 KB is verified.
2017-05-03 16:52:48: lIQtuwf8GmcWYAe is verified.
2017-05-03 16:52:47: Volume lIQtuwf8GmcWYAe was added successfully.
2017-05-03 16:52:34: 64 KB is not verified.
2017-05-03 16:52:33: RAID5 is verified.
2017-05-03 16:52:33: LsxkODLzu5 is verified.
2017-05-03 16:52:31: RAID5 is verified.
2017-05-03 16:52:30: LsxkODLzu5 is verified.
2017-05-03 16:52:29: Pool LsxkODLzu5 was added successfully.
2017-05-03 16:52:08: Start to creating new pool/volume/snapshot/clone,then delete clone/snapshot/volume/pool!
2017-05-03 16:49:55: volume is verified.
2017-05-03 16:49:54: DsYvYvZE1I is verified.
2017-05-03 16:49:53: qeqHxCbCVo is verified.
2017-05-03 16:49:52: 8Ar0Y90mqRNae5xp28 is verified.
2017-05-03 16:49:41: Clone 8Ar0Y90mqRNae5xp28 was added successfully. 
2017-05-03 16:49:20: d6Pm08nRiZmmfF9 is verified.
2017-05-03 16:49:19: DsYvYvZE1I is verified.
2017-05-03 16:49:18: 8Ar0Y90mqRNae5xp28 is verified.
2017-05-03 16:49:06: 8Ar0Y90mqRNae5xp28 is verified.
2017-05-03 16:49:01: Snapshot 8Ar0Y90mqRNae5xp28 was added successfully. 
2017-05-03 16:48:34: 512 Bytes is verified.
2017-05-03 16:48:33: 512 Bytes is verified.
2017-05-03 16:48:32: d6Pm08nRiZmmfF9 is verified.
2017-05-03 16:48:30: 512 Bytes is verified.
2017-05-03 16:48:29: d6Pm08nRiZmmfF9 is verified.
2017-05-03 16:48:29: Volume d6Pm08nRiZmmfF9 was added successfully.
2017-05-03 16:48:15: 512 Bytes is verified.
2017-05-03 16:48:14: 1 MB is verified.
2017-05-03 16:48:13: RAID5 is verified.
2017-05-03 16:48:13: DsYvYvZE1I is verified.
2017-05-03 16:48:11: RAID5 is verified.
2017-05-03 16:48:10: DsYvYvZE1I is verified.
2017-05-03 16:48:09: Pool DsYvYvZE1I was added successfully.
2017-05-03 16:47:48: Start to creating new pool/volume/snapshot/clone,then delete clone/snapshot/volume/pool!
2017-05-03 16:46:46: Error: please refer to the screen-shot in the folder
2017-05-03 16:46:35: Start to creating new pool/volume/snapshot/clone,then delete clone/snapshot/volume/pool!
2017-05-03 16:45:58: Start to creating new pool/volume/snapshot/clone,then delete clone/snapshot/volume/pool!
2017-05-03 16:39:50: Clone LbVZhBbjwDAAAl6AAD was added successfully. 
2017-05-03 16:39:15: QsBX21WGDSkGch5 is verified.
2017-05-03 16:39:14: WjOv5FWuHK is verified.
2017-05-03 16:39:13: LbVZhBbjwDAAAl6AAD is verified.
2017-05-03 16:38:40: D is verified.
2017-05-03 16:38:39: A is verified.
2017-05-03 16:38:39: A is verified.
2017-05-03 16:38:38: 6 is verified.
2017-05-03 16:38:37: l is verified.
2017-05-03 16:38:36: A is verified.
2017-05-03 16:38:35: A is verified.
2017-05-03 16:38:34: A is verified.
2017-05-03 16:38:33: D is verified.
2017-05-03 16:38:32: w is verified.
2017-05-03 16:38:31: j is verified.
2017-05-03 16:38:30: b is verified.
2017-05-03 16:38:29: B is verified.
2017-05-03 16:38:28: h is verified.
2017-05-03 16:38:27: Z is verified.
2017-05-03 16:38:27: V is verified.
2017-05-03 16:38:26: b is verified.
2017-05-03 16:38:25: L is verified.
2017-05-03 16:38:23: Snapshot LbVZhBbjwDAAAl6AAD was added successfully. 
2017-05-03 16:37:50: 512 Bytes is verified.
2017-05-03 16:37:49: 2 KB is verified.
2017-05-03 16:37:48: QsBX21WGDSkGch5 is verified.
2017-05-03 16:37:46: 2 KB is verified.
2017-05-03 16:37:45: QsBX21WGDSkGch5 is verified.
2017-05-03 16:37:44: Volume QsBX21WGDSkGch5 was added successfully.
2017-05-03 16:37:30: RAID6 is not verified.
2017-05-03 16:37:30: WjOv5FWuHK is verified.
2017-05-03 16:37:28: RAID6 is not verified.
2017-05-03 16:37:27: WjOv5FWuHK is verified.
2017-05-03 16:37:26: Pool WjOv5FWuHK was added successfully.
2017-05-03 16:37:05: Start to creating new pool/volume/snapshot/clone,then delete clone/snapshot/volume/pool!
2017-05-03 16:34:51: Clone Q_vhBV7KjWoa7sBdlB was added successfully. 
2017-05-03 16:34:29: 8kQ7JDimU2 is not verified.
2017-05-03 16:34:28: Q_vhBV7KjWoa7sBdlB is verified.
2017-05-03 16:34:18: B is verified.
2017-05-03 16:34:17: l is verified.
2017-05-03 16:34:16: d is verified.
2017-05-03 16:34:15: B is verified.
2017-05-03 16:34:14: s is verified.
2017-05-03 16:34:13: 7 is verified.
2017-05-03 16:34:12: a is verified.
2017-05-03 16:34:11: o is verified.
2017-05-03 16:34:11: W is verified.
2017-05-03 16:34:10: j is verified.
2017-05-03 16:34:09: K is verified.
2017-05-03 16:34:08: 7 is verified.
2017-05-03 16:34:07: V is verified.
2017-05-03 16:34:06: B is verified.
2017-05-03 16:34:05: h is verified.
2017-05-03 16:34:04: v is verified.
2017-05-03 16:34:03: _ is verified.
2017-05-03 16:34:02: Q is verified.
2017-05-03 16:34:01: Snapshot Q_vhBV7KjWoa7sBdlB was added successfully. 
2017-05-03 16:32:44: 4 KB is not verified.
2017-05-03 16:32:43: 32 KB is verified.
2017-05-03 16:32:42: Y25kLxSVyqEZZB9 is verified.
2017-05-03 16:32:40: 32 KB is verified.
2017-05-03 16:32:39: Y25kLxSVyqEZZB9 is verified.
2017-05-03 16:32:38: Volume Y25kLxSVyqEZZB9 was added successfully.
2017-05-03 16:32:24: 1 MB is not verified.
2017-05-03 16:32:23: RAID5 is verified.
2017-05-03 16:32:22: 8kQ7JDimU2 is verified.
2017-05-03 16:32:20: RAID5 is verified.
2017-05-03 16:32:20: 8kQ7JDimU2 is verified.
2017-05-03 16:32:19: Pool 8kQ7JDimU2 was added successfully.
2017-05-03 16:31:58: Start to creating new pool/volume/snapshot/clone,then delete clone/snapshot/volume/pool!
2017-05-03 16:27:31: Error: please refer to the screen-shot in the folder
2017-05-03 16:27:30: 1 KB is verified.
2017-05-03 16:27:29: 3zX1JD3eEWvyS7l is verified.
2017-05-03 16:27:27: 1 KB is verified.
2017-05-03 16:27:27: 3zX1JD3eEWvyS7l is verified.
2017-05-03 16:27:26: Volume 3zX1JD3eEWvyS7l was added successfully.
2017-05-03 16:27:12: 512 Bytes is verified.
2017-05-03 16:27:11: 512 KB is verified.
2017-05-03 16:27:10: RAID5 is verified.
2017-05-03 16:27:10: BDZqN9u2Gk is verified.
2017-05-03 16:27:08: RAID5 is verified.
2017-05-03 16:27:07: BDZqN9u2Gk is verified.
2017-05-03 16:27:06: Pool BDZqN9u2Gk was added successfully.
2017-05-03 16:26:46: Start to creating new pool/volume/snapshot/clone,then delete clone/snapshot/volume/pool!
2017-05-03 16:26:09: Error: please refer to the screen-shot in the folder
2017-05-03 16:26:00: Start to creating new pool/volume/snapshot/clone,then delete clone/snapshot/volume/pool!
2017-05-03 16:24:59: Error: please refer to the screen-shot in the folder
2017-05-03 16:24:58: 8 KB is verified.
2017-05-03 16:24:57: zqE82E2dPqcHv_j is verified.
2017-05-03 16:24:55: 8 KB is verified.
2017-05-03 16:24:54: zqE82E2dPqcHv_j is verified.
2017-05-03 16:24:53: Volume zqE82E2dPqcHv_j was added successfully.
2017-05-03 16:24:40: 512 KB is not verified.
2017-05-03 16:24:39: RAID5 is verified.
2017-05-03 16:24:38: Oe0i8yyJeC is verified.
2017-05-03 16:24:36: RAID5 is verified.
2017-05-03 16:24:35: Oe0i8yyJeC is verified.
2017-05-03 16:24:34: Pool Oe0i8yyJeC was added successfully.
2017-05-03 16:24:15: Start to creating new pool/volume/snapshot/clone,then delete clone/snapshot/volume/pool!
2017-05-03 16:22:26: 'result': 'f'
2017-05-03 16:22:17: Error: please refer to the screen-shot in the folder
2017-05-03 16:22:03: 2 KB is verified.
2017-05-03 16:22:02: 3lRp6NYs27f39Kz is verified.
2017-05-03 16:21:47: 2 KB is verified.
2017-05-03 16:21:46: 3lRp6NYs27f39Kz is verified.
2017-05-03 16:21:45: Volume 3lRp6NYs27f39Kz was added successfully.
2017-05-03 16:21:32: 4 KB is not verified.
2017-05-03 16:21:31: 512 KB is verified.
2017-05-03 16:21:30: RAID1 is verified.
2017-05-03 16:21:29: 13MV9l8_jK is verified.
2017-05-03 16:21:27: RAID1 is verified.
2017-05-03 16:21:26: 13MV9l8_jK is verified.
2017-05-03 16:21:25: Pool 13MV9l8_jK was added successfully.
2017-05-03 16:21:07: Start to creating new pool/volume/snapshot/clone,then delete clone/snapshot/volume/pool!
2017-05-03 16:19:27: 'result': 'p'
2017-05-03 16:19:27: Error: please refer to the screen-shot in the folder
2017-05-03 16:19:17: 512 Bytes is verified.
2017-05-03 16:19:16: 512 KB is verified.
2017-05-03 16:19:15: RAID1 is verified.
2017-05-03 16:19:14: RCYOm4I1iv is verified.
2017-05-03 16:19:12: RAID1 is verified.
2017-05-03 16:19:11: RCYOm4I1iv is verified.
2017-05-03 16:19:10: Pool RCYOm4I1iv was added successfully.
2017-05-03 16:18:54: Start to creating new pool/volume/snapshot/clone,then delete clone/snapshot/volume/pool!
2017-05-03 16:16:39: 'result': 'f'
2017-05-03 16:16:39: 'result': 'p'
2017-05-03 16:16:39: Error: please refer to the screen-shot in the folder
2017-05-03 16:16:29: 64 KB is not verified.
2017-05-03 16:16:28: RAID1 is verified.
2017-05-03 16:16:27: nzCpNVak8N is verified.
2017-05-03 16:16:25: RAID1 is verified.
2017-05-03 16:16:24: nzCpNVak8N is verified.
2017-05-03 16:16:23: Pool nzCpNVak8N was added successfully.
2017-05-03 16:16:05: Start to creating new pool/volume/snapshot/clone,then delete clone/snapshot/volume/pool!
2017-05-03 16:15:07: Error: please refer to the screen-shot in the folder
2017-05-03 16:14:57: Start to creating new pool/volume/snapshot/clone,then delete clone/snapshot/volume/pool!
2017-05-03 16:10:08: 1 KB is verified.
2017-05-03 16:10:07: 1 MB is verified.
2017-05-03 16:10:06: RAID1 is verified.
2017-05-03 16:10:05: DkjNscOR_z is verified.
2017-05-03 16:10:03: RAID1 is verified.
2017-05-03 16:10:02: DkjNscOR_z is verified.
2017-05-03 16:10:01: Pool DkjNscOR_z was added successfully.
2017-05-03 16:09:44: Start to creating new pool/volume/snapshot/clone,then delete clone/snapshot/volume/pool!
2017-05-03 16:08:48: 1 MB is not verified.
2017-05-03 16:08:47: RAID1 is verified.
2017-05-03 16:08:46: EREgAWAg90 is verified.
2017-05-03 16:08:44: RAID1 is verified.
2017-05-03 16:08:43: EREgAWAg90 is verified.
2017-05-03 16:08:42: Pool EREgAWAg90 was added successfully.
2017-05-03 16:08:26: Start to creating new pool/volume/snapshot/clone,then delete clone/snapshot/volume/pool!
2017-05-03 16:07:25: Error: please refer to the screen-shot in the folder
2017-05-03 16:07:15: Start to creating new pool/volume/snapshot/clone,then delete clone/snapshot/volume/pool!
2017-05-03 16:05:53: 'result': 'f'
2017-05-03 16:05:53: Error: please refer to the screen-shot in the folder
2017-05-03 16:04:17: RAID6 is not verified.
2017-05-03 16:04:16: E3nDL2Wns_ is verified.
2017-05-03 16:04:14: RAID6 is not verified.
2017-05-03 16:04:13: E3nDL2Wns_ is verified.
2017-05-03 16:04:12: Pool was added successfully.
2017-05-03 16:03:54: Start to creating new pool/volume/snapshot/clone,then delete clone/snapshot/volume/pool!
2017-05-03 15:14:18: Error: please refer to the screen-shot in the folder
2017-05-03 15:14:09: Start to creating new pool/volume/snapshot/clone,then delete clone/snapshot/volume/pool!
2017-05-03 15:12:53: Error: please refer to the screen-shot in the folder
2017-05-03 15:12:53: 64 KB is not verified.
2017-05-03 15:12:52: RAID5 is verified.
2017-05-03 15:12:51: MnUwyAHEAc is verified.
2017-05-03 15:12:49: RAID5 is verified.
2017-05-03 15:12:48: MnUwyAHEAc is verified.
2017-05-03 15:12:47: Pool was added successfully.
2017-05-03 15:12:28: Start to creating new pool/volume/snapshot/clone,then delete clone/snapshot/volume/pool!
2017-05-03 14:54:19: Pool was deleted successfully.
2017-05-03 14:53:58: 512 Bytes is verified.
2017-05-03 14:53:57: 64 KB is verified.
2017-05-03 14:53:56: RAID1 is verified.
2017-05-03 14:53:55: VOve3KgW0g is verified.
2017-05-03 14:53:39: RAID1 is verified.
2017-05-03 14:53:38: VOve3KgW0g is verified.
2017-05-03 14:53:25: Pool was added successfully.
2017-05-03 14:52:55: Start to creating new pool/volume/snapshot/clone,then delete clone/snapshot/volume/pool!
2017-05-03 14:50:54: Start to creating new pool/volume/snapshot/clone,then delete clone/snapshot/volume/pool!
2017-05-03 14:48:41: Start to creating new pool/volume/snapshot/clone,then delete clone/snapshot/volume/pool!
2017-05-03 14:47:47: Start to creating new pool/volume/snapshot/clone,then delete clone/snapshot/volume/pool!
2017-05-03 14:47:10: Error: please refer to the screen-shot in the folder
2017-05-03 14:47:04: Start to creating new pool/volume/snapshot/clone,then delete clone/snapshot/volume/pool!
2017-05-03 14:46:14: Error: please refer to the screen-shot in the folder
2017-05-03 14:46:10: Start to creating new pool/volume/snapshot/clone,then delete clone/snapshot/volume/pool!
2017-05-03 14:45:02: Error: please refer to the screen-shot in the folder
2017-05-03 14:44:58: Start to creating new pool/volume/snapshot/clone,then delete clone/snapshot/volume/pool!
2017-05-03 14:44:06: Start to creating new pool/volume/snapshot/clone,then delete clone/snapshot/volume/pool!
2017-05-03 14:43:25: Start to creating new pool/volume/snapshot/clone,then delete clone/snapshot/volume/pool!
2017-05-03 14:41:47: Error: please refer to the screen-shot in the folder
2017-05-03 14:41:16: Start to creating new pool/volume/snapshot/clone,then delete clone/snapshot/volume/pool!
2017-05-03 13:14:50: ======This is the 1 time(s)======
2017-05-03 13:14:50: Start to creating new pool/volume/snapshot/clone,then delete clone/snapshot/volume/pool!
2017-05-03 10:22:57: Create pool/voume/snapshot/clone, then delete them, PASS!!
2017-05-03 10:22:57: Pool p1 was deleted!
2017-05-03 10:22:42: Volume v1 was deleted!
2017-05-03 10:22:28: snapshot snap_1 was deleted!
2017-05-03 10:22:16: Clone c_1 was deleted!
2017-05-03 10:22:00: Start to delete existing clone/snapshot/volume/pool!!!
2017-05-03 10:21:55: Clone c_1 was created!
2017-05-03 10:21:45: snapshot snap_1 was created
2017-05-03 10:21:34: Volume v1 was created
2017-05-03 10:21:15: Pool p1 was created!
2017-05-03 10:20:18: ======This is the 2 time(s)======
2017-05-03 10:20:18: Start to creating new pool/volume/snapshot/clone,then delete clone/snapshot/volume/pool!
2017-05-03 10:20:18: Create pool/voume/snapshot/clone, then delete them, PASS!!
2017-05-03 10:20:18: Pool p0 was deleted!
2017-05-03 10:20:02: Volume v0 was deleted!
2017-05-03 10:19:48: snapshot snap_0 was deleted!
2017-05-03 10:19:36: Clone c_0 was deleted!
2017-05-03 10:19:20: Start to delete existing clone/snapshot/volume/pool!!!
2017-05-03 10:19:15: Clone c_0 was created!
2017-05-03 10:19:04: snapshot snap_0 was created
2017-05-03 10:18:45: Volume v0 was created
2017-05-03 10:18:02: Pool p0 was created!
2017-05-03 10:16:57: ======This is the 1 time(s)======
2017-05-03 10:16:57: Start to creating new pool/volume/snapshot/clone,then delete clone/snapshot/volume/pool!
2017-05-03 10:03:21: ======This is the 1 time(s)======
2017-05-03 10:03:21: Start to creating new pool/volume/snapshot/clone,then delete clone/snapshot/volume/pool!
2017-05-03 10:02:19: ======This is the 1 time(s)======
2017-05-03 10:02:19: Start to creating new pool/volume/snapshot/clone,then delete clone/snapshot/volume/pool!
2017-05-03 09:17:43: ======This is the 1 time(s)======
2017-05-03 09:17:43: Start to creating new pool/volume/snapshot/clone,then delete clone/snapshot/volume/pool!
2017-05-03 09:13:06: ======This is the 1 time(s)======
2017-05-03 09:13:06: Start to creating new pool/volume/snapshot/clone,then delete clone/snapshot/volume/pool!
2017-05-02 18:00:41: ======This is the 1 time(s)======
2017-05-02 18:00:41: Start to creating new pool/volume/snapshot/clone,then delete clone/snapshot/volume/pool!
2017-05-02 17:58:58: ======This is the 1 time(s)======
2017-05-02 17:58:58: Start to creating new pool/volume/snapshot/clone,then delete clone/snapshot/volume/pool!
2017-05-02 17:55:26: ======This is the 1 time(s)======
2017-05-02 17:55:26: Start to creating new pool/volume/snapshot/clone,then delete clone/snapshot/volume/pool!
2017-05-02 10:52:22: Create pool/voume/snapshot/clone, then delete them, PASS!!
2017-05-02 10:52:22: Pool p1 was deleted!
2017-05-02 10:52:07: Volume v1 was deleted!
2017-05-02 10:51:53: snapshot snap_1 was deleted!
2017-05-02 10:51:40: Clone c_1 was deleted!
2017-05-02 10:51:25: Start to delete existing clone/snapshot/volume/pool!!!
2017-05-02 10:51:20: Clone c_1 was created!
2017-05-02 10:51:10: snapshot snap_1 was created
2017-05-02 10:50:58: Volume v1 was created
2017-05-02 10:50:40: Pool p1 was created!
2017-05-02 10:50:10: ======This is the 2 time(s)======
2017-05-02 10:50:10: Start to creating new pool/volume/snapshot/clone,then delete clone/snapshot/volume/pool!
2017-05-02 10:50:10: Create pool/voume/snapshot/clone, then delete them, PASS!!
2017-05-02 10:50:10: Pool p0 was deleted!
2017-05-02 10:49:54: Volume v0 was deleted!
2017-05-02 10:49:40: snapshot snap_0 was deleted!
2017-05-02 10:49:28: Clone c_0 was deleted!
2017-05-02 10:49:12: Start to delete existing clone/snapshot/volume/pool!!!
2017-05-02 10:49:07: Clone c_0 was created!
2017-05-02 10:48:57: snapshot snap_0 was created
2017-05-02 10:48:46: Volume v0 was created
2017-05-02 10:48:27: Pool p0 was created!
2017-05-02 10:47:56: ======This is the 1 time(s)======
2017-05-02 10:47:56: Start to creating new pool/volume/snapshot/clone,then delete clone/snapshot/volume/pool!
2017-05-02 10:46:37: Start to creating new pool/volume/snapshot/clone,then delete clone/snapshot/volume/pool!
2017-05-02 10:40:15: Start to delete existing clone/snapshot/volume/pool!!!
2017-05-02 10:40:10: Clone c_1 was created!
2017-05-02 10:39:59: snapshot snap_1 was created
2017-05-02 10:39:48: Volume v1 was created
2017-05-02 10:39:30: Pool p1 was created!
2017-05-02 10:39:00: ======This is the 3 times======
2017-05-02 10:39:00: Start to creating new pool/volume/snapshot/clone,then delete clone/snapshot/volume/pool!
2017-05-02 10:39:00: Create pool/voume/snapshot/clone, then delete them, PASS!!
2017-05-02 10:39:00: Pool p0 was deleted!
2017-05-02 10:38:44: Volume v0 was deleted!
2017-05-02 10:38:30: snapshot snap_0 was deleted!
2017-05-02 10:38:18: Clone c_0 was deleted!
2017-05-02 10:38:04: Start to delete existing clone/snapshot/volume/pool!!!
2017-05-02 10:37:59: Clone c_0 was created!
2017-05-02 10:37:49: snapshot snap_0 was created
2017-05-02 10:37:38: Volume v0 was created
2017-05-02 10:37:19: Pool p0 was created!
2017-05-02 10:36:48: ======This is the 1 times======
2017-05-02 10:36:48: Start to creating new pool/volume/snapshot/clone,then delete clone/snapshot/volume/pool!
2017-05-02 10:20:59: Create pool/voume/snapshot/clone, then delete them, PASS!!
2017-05-02 10:20:59: Pool p0 was deleted!
2017-05-02 10:20:43: Volume v0 was deleted!
2017-05-02 10:20:29: snapshot snap_0 was deleted!
2017-05-02 10:20:17: Clone c_0 was deleted!
2017-05-02 10:20:03: Start to delete existing clone/snapshot/volume/pool!!!
2017-05-02 10:19:58: Clone c_0 was created!
2017-05-02 10:19:48: snapshot snap_0 was created
2017-05-02 10:19:37: Volume v0 was created
2017-05-02 10:19:18: Pool p0 was created!
2017-05-02 10:18:47: Start to creating new pool/volume/snapshot/clone,then delete clone/snapshot/volume/pool!
2017-04-28 09:55:36: Create pool/voume/snapshot/clone, then delete them, PASS!!
2017-04-28 09:55:36: Pool p0 was deleted!
2017-04-28 09:55:18: Volume v0 was deleted!
2017-04-28 09:54:19: snapshot snap_1 was deleted!
2017-04-28 09:54:04: Clone c_0 was deleted!
2017-04-28 09:53:52: Start to delete existing clone/snapshot/volume/pool!!!
2017-04-28 09:53:50: Clone c_0 was created!
2017-04-28 09:53:39: snapshot snap_1 was created
2017-04-28 09:53:24: Volume v0 was created
2017-04-28 09:53:05: Pool p0 was created!
2017-04-28 09:52:34: Start to creating new pool/volume/snapshot/clone,then delete clone/snapshot/volume/pool!
2017-04-28 09:51:07: Pool p0 was deleted!
2017-04-28 09:50:48: Volume v0 was deleted!
2017-04-28 09:50:33: snapshot snap_1 was deleted!
2017-04-28 09:50:20: Clone c_0 was deleted!
2017-04-28 09:50:05: Start to delete existing clone/snapshot/volume/pool!!!
2017-04-28 09:50:03: Clone c_0 was created!
2017-04-28 09:49:53: snapshot snap_1 was created
2017-04-28 09:49:36: Volume v0 was created
2017-04-28 09:49:17: Pool p0 was created!
2017-04-28 09:48:45: Start to creating new pool/volume/snapshot/clone,then delete clone/snapshot/volume/pool!
2017-04-27 18:29:51: snapshot snap_1 was created
2017-04-27 18:29:32: Volume v0 was created
2017-04-27 18:29:13: Pool p0 was created!
2017-04-27 18:28:42: Start to creating new pool/volume/snapshot/clone,then delete clone/snapshot/volume/pool!
2017-04-27 18:24:40: Volume v0 was created
2017-04-27 18:24:23: Pool p0 was created!
2017-04-27 18:23:52: Start to creating new pool/volume/snapshot/clone,then delete clone/snapshot/volume/pool!
2017-04-27 17:42:30: abcdefg
2017-04-26 18:03:10: abcdefg
